<html>
<body>
<pre>
<h1>Vision Build Log</h1>
<h2>Project:</h2>
C:\Users\DELL-\Desktop\C51_Practice\Big_Project\Keil\learn.uvproj
Project File Date:  06/15/2018

<h2>Output:</h2>
Build target '目标 1'
compiling lcd.c...
compiling main.c...
main.c(27): error C141: syntax error near 'int'
main.c(27): error C202: 'flag': undefined identifier
main.c(29): error C202: 'flag': undefined identifier
目标未创建
Build target '目标 1'
compiling lcd.c...
compiling main.c...
main.c(27): error C141: syntax error near 'int'
main.c(27): error C202: 'flag': undefined identifier
main.c(29): error C202: 'flag': undefined identifier
main.c(45): error C202: 'flag': undefined identifier
目标未创建
Build target '目标 1'
compiling lcd.c...
compiling main.c...
main.c(27): error C141: syntax error near 'int'
main.c(27): error C202: 'flag': undefined identifier
main.c(29): error C202: 'flag': undefined identifier
main.c(45): error C202: 'flag': undefined identifier
目标未创建
Build target '目标 1'
compiling lcd.c...
compiling main.c...
main.c(27): error C141: syntax error near 'int'
main.c(27): error C202: 'flag': undefined identifier
main.c(29): error C202: 'flag': undefined identifier
main.c(45): error C202: 'flag': undefined identifier
目标未创建
Build target '目标 1'
compiling lcd.c...
compiling main.c...
main.c(27): error C141: syntax error near 'int'
main.c(27): error C202: 'flag': undefined identifier
main.c(29): error C202: 'flag': undefined identifier
main.c(45): error C202: 'flag': undefined identifier
目标未创建
Build target '目标 1'
compiling lcd.c...
compiling main.c...
main.c(27): error C141: syntax error near 'u8'
main.c(27): error C202: 'flag': undefined identifier
main.c(29): error C202: 'flag': undefined identifier
main.c(45): error C202: 'flag': undefined identifier
目标未创建
Build target '目标 1'
compiling lcd.c...
compiling main.c...
linking...
Program Size: data=45.0 xdata=0 code=403
creating hex file from "learn"...
"learn" - 0 Error(s), 0 Warning(s).
Build target '目标 1'
compiling lcd.c...
compiling main.c...
linking...
Program Size: data=45.0 xdata=0 code=403
creating hex file from "learn"...
"learn" - 0 Error(s), 0 Warning(s).
Build target '目标 1'
compiling lcd.c...
compiling main.c...
linking...
Program Size: data=45.0 xdata=0 code=403
creating hex file from "learn"...
"learn" - 0 Error(s), 0 Warning(s).
Build target '目标 1'
compiling lcd.c...
compiling main.c...
linking...
Program Size: data=45.0 xdata=0 code=370
creating hex file from "learn"...
"learn" - 0 Error(s), 0 Warning(s).
Build target '目标 1'
compiling lcd.c...
compiling main.c...
linking...
Program Size: data=45.0 xdata=0 code=370
creating hex file from "learn"...
"learn" - 0 Error(s), 0 Warning(s).
Build target '目标 1'
compiling lcd.c...
compiling main.c...
linking...
Program Size: data=45.0 xdata=0 code=370
creating hex file from "learn"...
"learn" - 0 Error(s), 0 Warning(s).
Build target '目标 1'
compiling lcd.c...
compiling main.c...
ir.h(29): error C141: syntax error near 'i', expected ')'
ir.h(31): error C132: 'ReadIr': not in formal parameter list
ir.h(31): error C141: syntax error near 'interrupt'
ir.h(33): error C132: 'IrInit': not in formal parameter list
main.c(7): error C127: 'u16': invalid storage class
main.c(8): error C127: 'u8': invalid storage class
main.c(10): error C132: 'u8': not in formal parameter list
main.c(10): error C141: syntax error near 'Disp1'
main.c(10): error C244: 'Disp1': can't initialize, bad type or class
main.c(10): error C132: 'Disp1': not in formal parameter list
main.c(11): error C132: 'u8': not in formal parameter list
main.c(11): error C141: syntax error near 'Disp2'
main.c(11): error C244: 'Disp2': can't initialize, bad type or class
main.c(11): error C132: 'Disp2': not in formal parameter list
main.c(20): error C132: 'main': not in formal parameter list
main.c(20): error C141: syntax error near '{'
main.c(21): error C136: 'u8': 'void' on variable
main.c(21): error C132: 'u8': not in formal parameter list
main.c(21): error C136: 'i': 'void' on variable
main.c(21): error C132: 'i': not in formal parameter list
main.c(22): error C132: 'u8': not in formal parameter list
main.c(22): error C141: syntax error near 'flag'
main.c(22): error C132: 'flag': not in formal parameter list
main.c(23): error C132: 'LcdInit': not in formal parameter list
main.c(24): error C141: syntax error near 'for'
main.c(24): error C141: syntax error near '=', expected ')'
main.c(24): error C129: missing ';' before '<'
目标未创建
Build target '目标 1'
compiling lcd.c...
compiling main.c...
ir.h(29): error C141: syntax error near 'i', expected ')'
ir.h(31): error C132: 'ReadIr': not in formal parameter list
ir.h(31): error C141: syntax error near 'interrupt'
ir.h(33): error C132: 'IrInit': not in formal parameter list
main.c(7): error C127: 'u16': invalid storage class
main.c(8): error C127: 'u8': invalid storage class
main.c(10): error C132: 'u8': not in formal parameter list
main.c(10): error C141: syntax error near 'Disp1'
main.c(10): error C244: 'Disp1': can't initialize, bad type or class
main.c(10): error C132: 'Disp1': not in formal parameter list
main.c(11): error C132: 'u8': not in formal parameter list
main.c(11): error C141: syntax error near 'Disp2'
main.c(11): error C244: 'Disp2': can't initialize, bad type or class
main.c(11): error C132: 'Disp2': not in formal parameter list
main.c(20): error C132: 'main': not in formal parameter list
main.c(20): error C141: syntax error near '{'
main.c(21): error C136: 'u8': 'void' on variable
main.c(21): error C132: 'u8': not in formal parameter list
main.c(21): error C136: 'i': 'void' on variable
main.c(21): error C132: 'i': not in formal parameter list
main.c(22): error C132: 'u8': not in formal parameter list
main.c(22): error C141: syntax error near 'flag'
main.c(22): error C132: 'flag': not in formal parameter list
main.c(23): error C132: 'LcdInit': not in formal parameter list
main.c(24): error C141: syntax error near 'for'
main.c(24): error C141: syntax error near '=', expected ')'
main.c(24): error C129: missing ';' before '<'
目标未创建
Build target '目标 1'
compiling lcd.c...
compiling main.c...
linking...
Program Size: data=45.0 xdata=0 code=370
creating hex file from "learn"...
"learn" - 0 Error(s), 0 Warning(s).
Build target '目标 1'
compiling lcd.c...
compiling main.c...
linking...
Program Size: data=45.0 xdata=0 code=370
creating hex file from "learn"...
"learn" - 0 Error(s), 0 Warning(s).
Build target '目标 1'
compiling lcd.c...
compiling main.c...
linking...
Program Size: data=45.0 xdata=0 code=370
creating hex file from "learn"...
"learn" - 0 Error(s), 0 Warning(s).
Build target '目标 1'
compiling lcd.c...
compiling main.c...
ir.h(29): error C141: syntax error near 'i', expected ')'
ir.h(31): error C141: syntax error near ';'
目标未创建
Build target '目标 1'
compiling lcd.c...
compiling main.c...
ir.h(29): error C141: syntax error near 'i', expected ')'
ir.h(31): error C141: syntax error near ';'
目标未创建
Build target '目标 1'
compiling lcd.c...
compiling main.c...
ir.h(29): error C141: syntax error near 'i', expected ')'
目标未创建
Build target '目标 1'
compiling lcd.c...
compiling main.c...
ir.h(31): error C141: syntax error near ';'
目标未创建
Build target '目标 1'
compiling lcd.c...
compiling main.c...
ir.h(31): error C141: syntax error near ';'
目标未创建
Build target '目标 1'
compiling lcd.c...
compiling main.c...
ir.h(33): error C132: 'IrInit': not in formal parameter list
main.c(7): error C127: 'u16': invalid storage class
main.c(8): error C127: 'u8': invalid storage class
main.c(10): error C132: 'u8': not in formal parameter list
main.c(10): error C141: syntax error near 'Disp1'
main.c(10): error C244: 'Disp1': can't initialize, bad type or class
main.c(10): error C132: 'Disp1': not in formal parameter list
main.c(11): error C132: 'u8': not in formal parameter list
main.c(11): error C141: syntax error near 'Disp2'
main.c(11): error C244: 'Disp2': can't initialize, bad type or class
main.c(11): error C132: 'Disp2': not in formal parameter list
main.c(20): error C132: 'main': not in formal parameter list
main.c(20): error C141: syntax error near '{'
main.c(21): error C136: 'u8': 'void' on variable
main.c(21): error C132: 'u8': not in formal parameter list
main.c(21): error C136: 'i': 'void' on variable
main.c(21): error C132: 'i': not in formal parameter list
main.c(22): error C132: 'u8': not in formal parameter list
main.c(22): error C141: syntax error near 'flag'
main.c(22): error C132: 'flag': not in formal parameter list
main.c(23): error C132: 'LcdInit': not in formal parameter list
main.c(24): error C141: syntax error near 'for'
main.c(24): error C141: syntax error near '=', expected ')'
main.c(24): error C129: missing ';' before '<'
目标未创建
Build target '目标 1'
compiling lcd.c...
compiling main.c...
ir.h(31): error C141: syntax error near ';'
目标未创建
Build target '目标 1'
compiling lcd.c...
compiling main.c...
linking...
Program Size: data=45.0 xdata=0 code=370
creating hex file from "learn"...
"learn" - 0 Error(s), 0 Warning(s).
Build target '目标 1'
compiling lcd.c...
compiling main.c...
main.c(7): error C141: syntax error near 'unsigned'
main.c(8): error C141: syntax error near 'unsigned'
目标未创建
Build target '目标 1'
compiling lcd.c...
compiling main.c...
main.c(7): error C141: syntax error near 'unsigned'
main.c(8): error C141: syntax error near 'unsigned'
目标未创建
Build target '目标 1'
compiling lcd.c...
compiling main.c...
linking...
Program Size: data=45.0 xdata=0 code=370
creating hex file from "learn"...
"learn" - 0 Error(s), 0 Warning(s).
Build target '目标 1'
compiling lcd.c...
compiling main.c...
compiling ir.c...
ir.c(22): error C202: 'Time': undefined identifier
ir.c(57): error C202: 'Time': undefined identifier
ir.c(59): error C202: 'Time': undefined identifier
ir.c(64): error C202: 'IrValue': undefined identifier
ir.c(65): error C202: 'Time': undefined identifier
ir.c(67): error C202: 'IrValue': undefined identifier
ir.c(69): error C202: 'Time': undefined identifier
ir.c(73): error C202: 'IrValue': undefined identifier
目标未创建
Build target '目标 1'
compiling lcd.c...
compiling main.c...
compiling ir.c...
linking...
*** ERROR L104: MULTIPLE PUBLIC DEFINITIONS
    SYMBOL:  DISPLAYDATA
    MODULE:  ir.obj (IR)
*** ERROR L104: MULTIPLE PUBLIC DEFINITIONS
    SYMBOL:  IRVALUE
    MODULE:  ir.obj (IR)
*** ERROR L104: MULTIPLE PUBLIC DEFINITIONS
    SYMBOL:  TIME
    MODULE:  ir.obj (IR)
*** ERROR L104: MULTIPLE PUBLIC DEFINITIONS
    SYMBOL:  SMGDUAN
    MODULE:  ir.obj (IR)
*** WARNING L16: UNCALLED SEGMENT, IGNORED FOR OVERLAY PROCESS
    SEGMENT: ?CO?MAIN
*** WARNING L16: UNCALLED SEGMENT, IGNORED FOR OVERLAY PROCESS
    SEGMENT: ?PR?IRINIT?IR
*** WARNING L16: UNCALLED SEGMENT, IGNORED FOR OVERLAY PROCESS
    SEGMENT: ?CO?IR
Program Size: data=76.0 xdata=0 code=660
目标未创建
Build target '目标 1'
compiling lcd.c...
compiling main.c...
compiling ir.c...
ir.c(29): error C141: syntax error near 'while'
ir.c(29): error C141: syntax error near '==', expected ')'
ir.c(29): error C141: syntax error near '>', expected ')'
ir.c(31): error C141: syntax error near '1'
ir.c(31): error C231: '_delay': redefinition
ir.c(32): error C129: missing ';' before '--'
目标未创建
Build target '目标 1'
compiling lcd.c...
compiling main.c...
compiling ir.c...
ir.c(29): error C141: syntax error near 'while'
ir.c(29): error C141: syntax error near '==', expected ')'
ir.c(29): error C141: syntax error near '>', expected ')'
ir.c(31): error C141: syntax error near '1'
ir.c(31): error C231: '_delay': redefinition
ir.c(32): error C129: missing ';' before '--'
目标未创建
Build target '目标 1'
compiling lcd.c...
compiling main.c...
compiling ir.c...
linking...
*** ERROR L104: MULTIPLE PUBLIC DEFINITIONS
    SYMBOL:  DISPLAYDATA
    MODULE:  ir.obj (IR)
*** ERROR L104: MULTIPLE PUBLIC DEFINITIONS
    SYMBOL:  IRVALUE
    MODULE:  ir.obj (IR)
*** ERROR L104: MULTIPLE PUBLIC DEFINITIONS
    SYMBOL:  TIME
    MODULE:  ir.obj (IR)
*** ERROR L104: MULTIPLE PUBLIC DEFINITIONS
    SYMBOL:  SMGDUAN
    MODULE:  ir.obj (IR)
*** WARNING L16: UNCALLED SEGMENT, IGNORED FOR OVERLAY PROCESS
    SEGMENT: ?CO?MAIN
*** WARNING L16: UNCALLED SEGMENT, IGNORED FOR OVERLAY PROCESS
    SEGMENT: ?PR?IRINIT?IR
*** WARNING L16: UNCALLED SEGMENT, IGNORED FOR OVERLAY PROCESS
    SEGMENT: ?CO?IR
Program Size: data=79.0 xdata=0 code=721
目标未创建
Build target '目标 1'
compiling lcd.c...
compiling main.c...
compiling ir.c...
linking...
*** WARNING L16: UNCALLED SEGMENT, IGNORED FOR OVERLAY PROCESS
    SEGMENT: ?PR?IRINIT?IR
*** WARNING L16: UNCALLED SEGMENT, IGNORED FOR OVERLAY PROCESS
    SEGMENT: ?CO?IR
Program Size: data=61.0 xdata=0 code=643
creating hex file from "learn"...
"learn" - 0 Error(s), 2 Warning(s).
Build target '目标 1'
compiling lcd.c...
compiling main.c...
compiling ir.c...
linking...
*** WARNING L16: UNCALLED SEGMENT, IGNORED FOR OVERLAY PROCESS
    SEGMENT: ?CO?IR
Program Size: data=61.0 xdata=0 code=649
creating hex file from "learn"...
"learn" - 0 Error(s), 1 Warning(s).
Build target '目标 1'
compiling lcd.c...
compiling main.c...
compiling ir.c...
linking...
*** WARNING L16: UNCALLED SEGMENT, IGNORED FOR OVERLAY PROCESS
    SEGMENT: ?CO?IR
Program Size: data=61.0 xdata=0 code=649
creating hex file from "learn"...
"learn" - 0 Error(s), 1 Warning(s).
Build target '目标 1'
compiling lcd.c...
compiling main.c...
main.c(57): error C202: 'Time': undefined identifier
main.c(93): error C202: 'Time': undefined identifier
main.c(95): error C202: 'Time': undefined identifier
main.c(100): error C202: 'IrValue': undefined identifier
main.c(101): error C202: 'Time': undefined identifier
main.c(103): error C202: 'IrValue': undefined identifier
main.c(105): error C202: 'Time': undefined identifier
main.c(109): error C202: 'IrValue': undefined identifier
compiling ir.c...
目标未创建
Build target '目标 1'
compiling lcd.c...
compiling main.c...
compiling ir.c...
linking...
*** WARNING L16: UNCALLED SEGMENT, IGNORED FOR OVERLAY PROCESS
    SEGMENT: ?CO?IR
Program Size: data=64.0 xdata=0 code=710
creating hex file from "learn"...
"learn" - 0 Error(s), 1 Warning(s).
Build target '目标 1'
compiling main.c...
linking...
*** WARNING L16: UNCALLED SEGMENT, IGNORED FOR OVERLAY PROCESS
    SEGMENT: ?CO?IR
Program Size: data=64.0 xdata=0 code=714
creating hex file from "learn"...
"learn" - 0 Error(s), 1 Warning(s).
Build target '目标 1'
compiling lcd.c...
compiling main.c...
compiling ir.c...
linking...
*** WARNING L16: UNCALLED SEGMENT, IGNORED FOR OVERLAY PROCESS
    SEGMENT: ?CO?IR
Program Size: data=64.0 xdata=0 code=714
creating hex file from "learn"...
"learn" - 0 Error(s), 1 Warning(s).
Build target '目标 1'
compiling lcd.c...
compiling main.c...
compiling ir.c...
linking...
*** WARNING L16: UNCALLED SEGMENT, IGNORED FOR OVERLAY PROCESS
    SEGMENT: ?CO?IR
Program Size: data=64.0 xdata=0 code=717
creating hex file from "learn"...
"learn" - 0 Error(s), 1 Warning(s).
Build target '目标 1'
compiling lcd.c...
compiling main.c...
compiling ir.c...
linking...
*** WARNING L16: UNCALLED SEGMENT, IGNORED FOR OVERLAY PROCESS
    SEGMENT: ?CO?IR
Program Size: data=64.0 xdata=0 code=714
creating hex file from "learn"...
"learn" - 0 Error(s), 1 Warning(s).
Build target '目标 1'
compiling lcd.c...
compiling main.c...
compiling ir.c...
linking...
*** WARNING L16: UNCALLED SEGMENT, IGNORED FOR OVERLAY PROCESS
    SEGMENT: ?CO?IR
Program Size: data=64.0 xdata=0 code=710
creating hex file from "learn"...
"learn" - 0 Error(s), 1 Warning(s).
Build target '目标 1'
compiling lcd.c...
compiling main.c...
compiling ir.c...
linking...
*** WARNING L16: UNCALLED SEGMENT, IGNORED FOR OVERLAY PROCESS
    SEGMENT: ?CO?IR
Program Size: data=61.0 xdata=0 code=649
creating hex file from "learn"...
"learn" - 0 Error(s), 1 Warning(s).
Build target '目标 1'
compiling lcd.c...
compiling main.c...
compiling ir.c...
linking...
*** WARNING L16: UNCALLED SEGMENT, IGNORED FOR OVERLAY PROCESS
    SEGMENT: ?CO?IR
Program Size: data=55.0 xdata=0 code=649
creating hex file from "learn"...
"learn" - 0 Error(s), 1 Warning(s).
Build target '目标 1'
compiling lcd.c...
compiling main.c...
compiling ir.c...
linking...
Program Size: data=54.0 xdata=0 code=665
creating hex file from "learn"...
"learn" - 0 Error(s), 0 Warning(s).
Build target '目标 1'
compiling lcd.c...
compiling main.c...
ir.h(28): error C141: syntax error near '/'
ir.h(32): error C141: syntax error near ';'
compiling ir.c...
ir.h(28): error C141: syntax error near '/'
ir.h(32): error C141: syntax error near ';'
目标未创建
Build target '目标 1'
compiling lcd.c...
compiling main.c...
ir.h(28): error C141: syntax error near '/'
compiling ir.c...
ir.h(28): error C141: syntax error near '/'
目标未创建
Build target '目标 1'
compiling lcd.c...
compiling main.c...
ir.h(28): error C141: syntax error near '/'
compiling ir.c...
ir.h(28): error C141: syntax error near '/'
目标未创建
Build target '目标 1'
compiling lcd.c...
compiling main.c...
compiling ir.c...
linking...
Program Size: data=53.0 xdata=0 code=665
creating hex file from "learn"...
"learn" - 0 Error(s), 0 Warning(s).
Build target '目标 1'
compiling lcd.c...
compiling main.c...
compiling ir.c...
linking...
Program Size: data=53.0 xdata=0 code=665
creating hex file from "learn"...
"learn" - 0 Error(s), 0 Warning(s).
Build target '目标 1'
compiling lcd.c...
compiling main.c...
compiling ir.c...
linking...
Program Size: data=53.0 xdata=0 code=665
creating hex file from "learn"...
"learn" - 0 Error(s), 0 Warning(s).
